<?xml version="1.0" encoding="UTF-8"?>
<testsuite xmlns:xsi="http://www.w3.org/2001/XMLSchema-instance" xsi:noNamespaceSchemaLocation="https://maven.apache.org/surefire/maven-surefire-plugin/xsd/surefire-test-report-3.0.xsd" version="3.0" name="com.genlib.integration.GenLibIntegrationTest" time="0.016" tests="8" errors="0" skipped="8" failures="0">
  <properties>
[...]
</properties>
  <testcase name="testErrorHandlingIntegration" classname="com.genlib.integration.GenLibIntegrationTest" time="0.0">
    <skipped message="@EnabledIf(&quot;isDockerAvailable&quot;) evaluated to false"/>
    <system-out><![CDATA[2025-09-02T06:43:50.382+08:00  INFO 33492 --- [gen-lib-integration-test] [           main] org.testcontainers.images.PullPolicy     : Image pull policy will be performed by: DefaultPullPolicy()
2025-09-02T06:43:50.387+08:00  INFO 33492 --- [gen-lib-integration-test] [           main] o.t.utility.ImageNameSubstitutor         : Image name substitution will be performed by: DefaultImageNameSubstitutor (composite of 'ConfigurationFileImageNameSubstitutor' and 'PrefixingImageNameSubstitutor')
2025-09-02T06:43:51.380+08:00  INFO 33492 --- [gen-lib-integration-test] [           main] .t.d.DockerMachineClientProviderStrategy : docker-machine executable was not found on PATH ([C:\Program Files\Common Files\Oracle\Java\javapath, C:\WINDOWS\system32, C:\WINDOWS, C:\WINDOWS\System32\Wbem, C:\WINDOWS\System32\WindowsPowerShell\v1.0\, C:\WINDOWS\System32\OpenSSH\, C:\Users\suyal\web\nodejs\, C:\Users\suyal\java\Git\cmd, C:\Program Files (x86)\Tencent\微信web开发者工具\dll, C:\Users\suyal\python\Scripts, C:\Users\suyal\python, C:\Program Files\dotnet\, C:\Users\suyal\java\apache-maven-3.9.11\bin, C:\Users\suyal\AppData\Local\Programs\Python\Launcher\, C:\Users\suyal\AppData\Local\Microsoft\WindowsApps, C:\Users\suyal\AppData\Roaming\npm, C:\Users\suyal\OtherApplication\Qoder\bin])
2025-09-02T06:43:51.382+08:00 ERROR 33492 --- [gen-lib-integration-test] [           main] o.t.d.DockerClientProviderStrategy       : Could not find a valid Docker environment. Please check configuration. Attempted configurations were:
As no valid configuration was found, execution cannot continue.
See https://java.testcontainers.org/on_failure.html for more details.
Docker环境不可用，跳过集成测试: Could not find a valid Docker environment. Please see logs and check configuration
]]></system-out>
  </testcase>
  <testcase name="testConfigManagerIntegration" classname="com.genlib.integration.GenLibIntegrationTest" time="0.0">
    <skipped message="@EnabledIf(&quot;isDockerAvailable&quot;) evaluated to false"/>
  </testcase>
  <testcase name="testPerformanceIntegration" classname="com.genlib.integration.GenLibIntegrationTest" time="0.0">
    <skipped message="@EnabledIf(&quot;isDockerAvailable&quot;) evaluated to false"/>
  </testcase>
  <testcase name="testWebEndpointsIntegration" classname="com.genlib.integration.GenLibIntegrationTest" time="0.0">
    <skipped message="@EnabledIf(&quot;isDockerAvailable&quot;) evaluated to false"/>
  </testcase>
  <testcase name="testCoreComponentsIntegration" classname="com.genlib.integration.GenLibIntegrationTest" time="0.0">
    <skipped message="@EnabledIf(&quot;isDockerAvailable&quot;) evaluated to false"/>
  </testcase>
  <testcase name="testApplicationStartup" classname="com.genlib.integration.GenLibIntegrationTest" time="0.0">
    <skipped message="@EnabledIf(&quot;isDockerAvailable&quot;) evaluated to false"/>
  </testcase>
  <testcase name="testUserManagementIntegration" classname="com.genlib.integration.GenLibIntegrationTest" time="0.0">
    <skipped message="@EnabledIf(&quot;isDockerAvailable&quot;) evaluated to false"/>
  </testcase>
  <testcase name="testCacheManagerIntegration" classname="com.genlib.integration.GenLibIntegrationTest" time="0.0">
    <skipped message="@EnabledIf(&quot;isDockerAvailable&quot;) evaluated to false"/>
  </testcase>
</testsuite>